<?xml version="1.0" encoding="UTF-8"?>
<!-- Generated by org.testng.reporters.JUnitXMLReporter -->
<testsuite ignored="0" hostname="DESKTOP-UBC2RB5" failures="0" tests="3" name="Default test" time="79.923" errors="0" timestamp="2023-03-07T11:12:18 IST">
  <testcase classname="com.guru99bank.com.LoginTestUsingDataProvider" name="DataprovidsampleTest" time="36.753"/>
  <testcase classname="com.guru99bank.com.LoginTestUsingDataProvider" name="DataprovidsampleTest" time="19.704"/>
  <testcase classname="com.guru99bank.com.LoginTestUsingDataProvider" name="DataprovidsampleTest" time="23.369"/>
</testsuite> <!-- Default test -->
