<?xml version="1.0" encoding="UTF-8"?>
<!-- Generated by org.testng.reporters.JUnitXMLReporter -->
<testsuite ignored="0" hostname="DESKTOP-UBC2RB5" failures="0" tests="3" name="Test" time="107.527" errors="0" timestamp="2023-03-07T11:16:01 IST">
  <testcase classname="com.guru99bank.com.LoginTestUsingDataProvider" name="DataprovidsampleTest" time="32.441"/>
  <testcase classname="com.guru99bank.com.LoginTestUsingDataProvider" name="DataprovidsampleTest" time="29.988"/>
  <testcase classname="com.guru99bank.com.LoginTestUsingDataProvider" name="DataprovidsampleTest" time="45.003"/>
</testsuite> <!-- Test -->
