<?xml version="1.0" encoding="UTF-8"?>
<testng-results ignored="0" total="2" passed="2" failed="0" skipped="0">
  <reporter-output>
    <line>
      <![CDATA[verified]]>
    </line>
  </reporter-output>
  <suite started-at="2023-03-06T13:27:35 IST" name="GuruBank99.com" finished-at="2023-03-06T13:28:09 IST" duration-ms="34120">
    <groups>
    </groups>
    <test started-at="2023-03-06T13:27:35 IST" name="Test" finished-at="2023-03-06T13:28:09 IST" duration-ms="34120">
      <class name="com.guru99bank.com.Guru99BankTest">
        <test-method is-config="true" signature="setup()[pri:0, instance:com.guru99bank.com.Guru99BankTest@957e06]" started-at="2023-03-06T13:27:35 IST" name="setup" finished-at="2023-03-06T13:27:54 IST" duration-ms="19010" status="PASS">
          <reporter-output>
          </reporter-output>
        </test-method> <!-- setup -->
        <test-method signature="VerifyLoginTest()[pri:0, instance:com.guru99bank.com.Guru99BankTest@957e06]" started-at="2023-03-06T13:27:54 IST" name="VerifyLoginTest" finished-at="2023-03-06T13:28:07 IST" duration-ms="12436" status="PASS">
          <reporter-output>
          </reporter-output>
        </test-method> <!-- VerifyLoginTest -->
        <test-method signature="verifytitleTest()[pri:0, instance:com.guru99bank.com.Guru99BankTest@957e06]" started-at="2023-03-06T13:28:07 IST" name="verifytitleTest" finished-at="2023-03-06T13:28:07 IST" duration-ms="120" status="PASS">
          <reporter-output>
            <line>
              <![CDATA[verified]]>
            </line>
          </reporter-output>
        </test-method> <!-- verifytitleTest -->
        <test-method is-config="true" signature="teardown()[pri:0, instance:com.guru99bank.com.Guru99BankTest@957e06]" started-at="2023-03-06T13:28:07 IST" name="teardown" finished-at="2023-03-06T13:28:09 IST" duration-ms="2462" status="PASS">
          <reporter-output>
          </reporter-output>
        </test-method> <!-- teardown -->
      </class> <!-- com.guru99bank.com.Guru99BankTest -->
    </test> <!-- Test -->
  </suite> <!-- GuruBank99.com -->
</testng-results>
