<?xml version="1.0" encoding="UTF-8"?>
<testng-results ignored="0" total="3" passed="3" failed="0" skipped="0">
  <reporter-output>
  </reporter-output>
  <suite started-at="2023-03-07T11:14:13 IST" name="Suite" finished-at="2023-03-07T11:16:01 IST" duration-ms="107527">
    <groups>
    </groups>
    <test started-at="2023-03-07T11:14:13 IST" name="Test" finished-at="2023-03-07T11:16:01 IST" duration-ms="107527">
      <class name="com.guru99bank.com.LoginTestUsingDataProvider">
        <test-method signature="DataprovidsampleTest(java.lang.String,java.lang.String,java.lang.String)[pri:0, instance:com.guru99bank.com.LoginTestUsingDataProvider@6283d8b8]" started-at="2023-03-07T11:14:13 IST" name="DataprovidsampleTest" data-provider="data-set" finished-at="2023-03-07T11:14:46 IST" duration-ms="32441" status="PASS">
          <params>
            <param index="0">
              <value>
                <![CDATA[invalid Password and valid Username]]>
              </value>
            </param>
            <param index="1">
              <value>
                <![CDATA[mngr482972]]>
              </value>
            </param>
            <param index="2">
              <value>
                <![CDATA[sgsag]]>
              </value>
            </param>
          </params>
          <reporter-output>
          </reporter-output>
        </test-method> <!-- DataprovidsampleTest -->
        <test-method signature="DataprovidsampleTest(java.lang.String,java.lang.String,java.lang.String)[pri:0, instance:com.guru99bank.com.LoginTestUsingDataProvider@6283d8b8]" started-at="2023-03-07T11:14:46 IST" name="DataprovidsampleTest" data-provider="data-set" finished-at="2023-03-07T11:15:16 IST" duration-ms="29988" status="PASS">
          <params>
            <param index="0">
              <value>
                <![CDATA[valid Password and invalid username]]>
              </value>
            </param>
            <param index="1">
              <value>
                <![CDATA[gargerfg]]>
              </value>
            </param>
            <param index="2">
              <value>
                <![CDATA[Eqyvyda]]>
              </value>
            </param>
          </params>
          <reporter-output>
          </reporter-output>
        </test-method> <!-- DataprovidsampleTest -->
        <test-method signature="DataprovidsampleTest(java.lang.String,java.lang.String,java.lang.String)[pri:0, instance:com.guru99bank.com.LoginTestUsingDataProvider@6283d8b8]" started-at="2023-03-07T11:15:16 IST" name="DataprovidsampleTest" data-provider="data-set" finished-at="2023-03-07T11:16:01 IST" duration-ms="45003" status="PASS">
          <params>
            <param index="0">
              <value>
                <![CDATA[invalid Password and invalid username]]>
              </value>
            </param>
            <param index="1">
              <value>
                <![CDATA[gargerfg]]>
              </value>
            </param>
            <param index="2">
              <value>
                <![CDATA[aehfhae]]>
              </value>
            </param>
          </params>
          <reporter-output>
          </reporter-output>
        </test-method> <!-- DataprovidsampleTest -->
      </class> <!-- com.guru99bank.com.LoginTestUsingDataProvider -->
    </test> <!-- Test -->
  </suite> <!-- Suite -->
</testng-results>
